2013-08-08 15:03:07 Error: Fatal Error (4): syntax error, unexpected T_VARIABLE in [/home/caiknife/source/buybuy_front/app/Controller/PagesController.php, line 78]
2013-08-08 15:03:07 Error: [FatalErrorException] syntax error, unexpected T_VARIABLE
Request URL: /
Stack Trace:
#0 /home/caiknife/source/buybuy_front/lib/Cake/Error/ErrorHandler.php(184): ErrorHandler::handleFatalError(4, 'syntax error, u...', '/home/caiknife/...', 78)
#1 [internal function]: ErrorHandler::handleError(4, 'syntax error, u...', '/home/caiknife/...', 78, Array)
#2 /home/caiknife/source/buybuy_front/lib/Cake/Core/App.php(931): call_user_func('ErrorHandler::h...', 4, 'syntax error, u...', '/home/caiknife/...', 78, Array)
#3 /home/caiknife/source/buybuy_front/lib/Cake/Core/App.php(904): App::_checkFatalError()
#4 [internal function]: App::shutdown()
#5 {main}
2013-08-08 15:03:42 Error: [MissingViewException] View file "/home/caiknife/source/buybuy_front/app/View/Pages/redis.ctp" is missing.
Exception Attributes: array (
  'file' => '/home/caiknife/source/buybuy_front/app/View/Pages/redis.ctp',
)
Request URL: /pages/redis
Stack Trace:
#0 /home/caiknife/source/buybuy_front/lib/Cake/View/View.php(468): View->_getViewFileName('redis')
#1 /home/caiknife/source/buybuy_front/lib/Cake/Controller/Controller.php(948): View->render('redis', NULL)
#2 /home/caiknife/source/buybuy_front/app/Controller/PagesController.php(73): Controller->render('redis')
#3 [internal function]: PagesController->display('redis')
#4 /home/caiknife/source/buybuy_front/lib/Cake/Controller/Controller.php(486): ReflectionMethod->invokeArgs(Object(PagesController), Array)
#5 /home/caiknife/source/buybuy_front/lib/Cake/Routing/Dispatcher.php(187): Controller->invokeAction(Object(CakeRequest))
#6 /home/caiknife/source/buybuy_front/lib/Cake/Routing/Dispatcher.php(162): Dispatcher->_invoke(Object(PagesController), Object(CakeRequest), Object(CakeResponse))
#7 /home/caiknife/source/buybuy_front/app/webroot/index.php(111): Dispatcher->dispatch(Object(CakeRequest), Object(CakeResponse))
#8 {main}
2013-08-08 15:04:12 Error: [MissingViewException] View file "/home/caiknife/source/buybuy_front/app/View/Pages/redis.ctp" is missing.
Exception Attributes: array (
  'file' => '/home/caiknife/source/buybuy_front/app/View/Pages/redis.ctp',
)
Request URL: /pages/redis
Stack Trace:
#0 /home/caiknife/source/buybuy_front/lib/Cake/View/View.php(468): View->_getViewFileName('redis')
#1 /home/caiknife/source/buybuy_front/lib/Cake/Controller/Controller.php(948): View->render('redis', NULL)
#2 /home/caiknife/source/buybuy_front/app/Controller/PagesController.php(73): Controller->render('redis')
#3 [internal function]: PagesController->display('redis')
#4 /home/caiknife/source/buybuy_front/lib/Cake/Controller/Controller.php(486): ReflectionMethod->invokeArgs(Object(PagesController), Array)
#5 /home/caiknife/source/buybuy_front/lib/Cake/Routing/Dispatcher.php(187): Controller->invokeAction(Object(CakeRequest))
#6 /home/caiknife/source/buybuy_front/lib/Cake/Routing/Dispatcher.php(162): Dispatcher->_invoke(Object(PagesController), Object(CakeRequest), Object(CakeResponse))
#7 /home/caiknife/source/buybuy_front/app/webroot/index.php(111): Dispatcher->dispatch(Object(CakeRequest), Object(CakeResponse))
#8 {main}
2013-08-08 15:06:05 Error: [MissingViewException] View file "/home/caiknife/source/buybuy_front/app/View/Pages/redis.ctp" is missing.
Exception Attributes: array (
  'file' => '/home/caiknife/source/buybuy_front/app/View/Pages/redis.ctp',
)
Request URL: /pages/redis
Stack Trace:
#0 /home/caiknife/source/buybuy_front/lib/Cake/View/View.php(468): View->_getViewFileName('redis')
#1 /home/caiknife/source/buybuy_front/lib/Cake/Controller/Controller.php(948): View->render('redis', NULL)
#2 /home/caiknife/source/buybuy_front/app/Controller/PagesController.php(73): Controller->render('redis')
#3 [internal function]: PagesController->display('redis')
#4 /home/caiknife/source/buybuy_front/lib/Cake/Controller/Controller.php(486): ReflectionMethod->invokeArgs(Object(PagesController), Array)
#5 /home/caiknife/source/buybuy_front/lib/Cake/Routing/Dispatcher.php(187): Controller->invokeAction(Object(CakeRequest))
#6 /home/caiknife/source/buybuy_front/lib/Cake/Routing/Dispatcher.php(162): Dispatcher->_invoke(Object(PagesController), Object(CakeRequest), Object(CakeResponse))
#7 /home/caiknife/source/buybuy_front/app/webroot/index.php(111): Dispatcher->dispatch(Object(CakeRequest), Object(CakeResponse))
#8 {main}
2013-08-08 15:06:15 Error: [MissingViewException] View file "/home/caiknife/source/buybuy_front/app/View/Pages/index.ctp" is missing.
Exception Attributes: array (
  'file' => '/home/caiknife/source/buybuy_front/app/View/Pages/index.ctp',
)
Request URL: /pages/index
Stack Trace:
#0 /home/caiknife/source/buybuy_front/lib/Cake/View/View.php(468): View->_getViewFileName('index')
#1 /home/caiknife/source/buybuy_front/lib/Cake/Controller/Controller.php(948): View->render('index', NULL)
#2 /home/caiknife/source/buybuy_front/app/Controller/PagesController.php(73): Controller->render('index')
#3 [internal function]: PagesController->display('index')
#4 /home/caiknife/source/buybuy_front/lib/Cake/Controller/Controller.php(486): ReflectionMethod->invokeArgs(Object(PagesController), Array)
#5 /home/caiknife/source/buybuy_front/lib/Cake/Routing/Dispatcher.php(187): Controller->invokeAction(Object(CakeRequest))
#6 /home/caiknife/source/buybuy_front/lib/Cake/Routing/Dispatcher.php(162): Dispatcher->_invoke(Object(PagesController), Object(CakeRequest), Object(CakeResponse))
#7 /home/caiknife/source/buybuy_front/app/webroot/index.php(111): Dispatcher->dispatch(Object(CakeRequest), Object(CakeResponse))
#8 {main}
2013-08-15 15:12:20 Error: Fatal Error (64): Class declarations may not be nested in [/var/www/caketest/app/Controller/TestsController.php, line 6]
2013-08-15 15:12:20 Error: [FatalErrorException] Class declarations may not be nested
Request URL: /caketest/tests
Stack Trace:
#0 /var/www/caketest/lib/Cake/Error/ErrorHandler.php(184): ErrorHandler::handleFatalError(64, 'Class declarati...', '/var/www/cakete...', 6)
#1 [internal function]: ErrorHandler::handleError(64, 'Class declarati...', '/var/www/cakete...', 6, Array)
#2 /var/www/caketest/lib/Cake/Core/App.php(931): call_user_func('ErrorHandler::h...', 64, 'Class declarati...', '/var/www/cakete...', 6, Array)
#3 /var/www/caketest/lib/Cake/Core/App.php(904): App::_checkFatalError()
#4 [internal function]: App::shutdown()
#5 {main}
2013-08-15 16:08:43 Error: [MissingViewException] View file "/var/www/caketest/app/View/Tests/index.ctp" is missing.
Exception Attributes: array (
  'file' => '/var/www/caketest/app/View/Tests/index.ctp',
)
Request URL: /caketest/tests
Stack Trace:
#0 /var/www/caketest/lib/Cake/View/View.php(468): View->_getViewFileName(NULL)
#1 /var/www/caketest/lib/Cake/Controller/Controller.php(948): View->render(NULL, NULL)
#2 /var/www/caketest/lib/Cake/Routing/Dispatcher.php(194): Controller->render()
#3 /var/www/caketest/lib/Cake/Routing/Dispatcher.php(162): Dispatcher->_invoke(Object(TestsController), Object(CakeRequest), Object(CakeResponse))
#4 /var/www/caketest/app/webroot/index.php(111): Dispatcher->dispatch(Object(CakeRequest), Object(CakeResponse))
#5 {main}
2013-08-15 16:11:17 Error: [MissingViewException] View file "/var/www/caketest/app/View/Tests/index.ctp" is missing.
Exception Attributes: array (
  'file' => '/var/www/caketest/app/View/Tests/index.ctp',
)
Request URL: /caketest/tests
Stack Trace:
#0 /var/www/caketest/lib/Cake/View/View.php(468): View->_getViewFileName(NULL)
#1 /var/www/caketest/lib/Cake/Controller/Controller.php(948): View->render(NULL, NULL)
#2 /var/www/caketest/lib/Cake/Routing/Dispatcher.php(194): Controller->render()
#3 /var/www/caketest/lib/Cake/Routing/Dispatcher.php(162): Dispatcher->_invoke(Object(TestsController), Object(CakeRequest), Object(CakeResponse))
#4 /var/www/caketest/app/webroot/index.php(111): Dispatcher->dispatch(Object(CakeRequest), Object(CakeResponse))
#5 {main}
2013-08-15 16:11:38 Error: [MissingViewException] View file "/var/www/caketest/app/View/Tests/index.ctp" is missing.
Exception Attributes: array (
  'file' => '/var/www/caketest/app/View/Tests/index.ctp',
)
Request URL: /caketest/tests/index
Stack Trace:
#0 /var/www/caketest/lib/Cake/View/View.php(468): View->_getViewFileName(NULL)
#1 /var/www/caketest/lib/Cake/Controller/Controller.php(948): View->render(NULL, NULL)
#2 /var/www/caketest/lib/Cake/Routing/Dispatcher.php(194): Controller->render()
#3 /var/www/caketest/lib/Cake/Routing/Dispatcher.php(162): Dispatcher->_invoke(Object(TestsController), Object(CakeRequest), Object(CakeResponse))
#4 /var/www/caketest/app/webroot/index.php(111): Dispatcher->dispatch(Object(CakeRequest), Object(CakeResponse))
#5 {main}
2013-08-15 16:12:01 Error: [MissingViewException] View file "/var/www/caketest/app/View/Tests/index.ctp" is missing.
Exception Attributes: array (
  'file' => '/var/www/caketest/app/View/Tests/index.ctp',
)
Request URL: /caketest/tests/index
Stack Trace:
#0 /var/www/caketest/lib/Cake/View/View.php(468): View->_getViewFileName(NULL)
#1 /var/www/caketest/lib/Cake/Controller/Controller.php(948): View->render(NULL, NULL)
#2 /var/www/caketest/lib/Cake/Routing/Dispatcher.php(194): Controller->render()
#3 /var/www/caketest/lib/Cake/Routing/Dispatcher.php(162): Dispatcher->_invoke(Object(TestsController), Object(CakeRequest), Object(CakeResponse))
#4 /var/www/caketest/app/webroot/index.php(111): Dispatcher->dispatch(Object(CakeRequest), Object(CakeResponse))
#5 {main}
2013-08-15 16:12:58 Error: [MissingViewException] View file "/var/www/caketest/app/View/Tests/index.ctp" is missing.
Exception Attributes: array (
  'file' => '/var/www/caketest/app/View/Tests/index.ctp',
)
Request URL: /caketest/tests/index
Stack Trace:
#0 /var/www/caketest/lib/Cake/View/View.php(468): View->_getViewFileName(NULL)
#1 /var/www/caketest/lib/Cake/Controller/Controller.php(948): View->render(NULL, NULL)
#2 /var/www/caketest/lib/Cake/Routing/Dispatcher.php(194): Controller->render()
#3 /var/www/caketest/lib/Cake/Routing/Dispatcher.php(162): Dispatcher->_invoke(Object(TestsController), Object(CakeRequest), Object(CakeResponse))
#4 /var/www/caketest/app/webroot/index.php(111): Dispatcher->dispatch(Object(CakeRequest), Object(CakeResponse))
#5 {main}
2013-08-28 21:01:38 Error: [MissingControllerException] Controller class PostsController could not be found.
Exception Attributes: array (
  'class' => 'PostsController',
  'plugin' => NULL,
)
Request URL: /caketest/posts
Stack Trace:
#0 /var/www/caketest/app/webroot/index.php(111): Dispatcher->dispatch(Object(CakeRequest), Object(CakeResponse))
#1 {main}
2013-08-28 21:01:46 Error: [MissingViewException] View file "/var/www/caketest/app/View/Tests/index.ctp" is missing.
Exception Attributes: array (
  'file' => '/var/www/caketest/app/View/Tests/index.ctp',
)
Request URL: /caketest/tests
Stack Trace:
#0 /var/www/caketest/lib/Cake/View/View.php(468): View->_getViewFileName(NULL)
#1 /var/www/caketest/lib/Cake/Controller/Controller.php(948): View->render(NULL, NULL)
#2 /var/www/caketest/lib/Cake/Routing/Dispatcher.php(194): Controller->render()
#3 /var/www/caketest/lib/Cake/Routing/Dispatcher.php(162): Dispatcher->_invoke(Object(TestsController), Object(CakeRequest), Object(CakeResponse))
#4 /var/www/caketest/app/webroot/index.php(111): Dispatcher->dispatch(Object(CakeRequest), Object(CakeResponse))
#5 {main}
2013-08-31 23:25:21 Error: Fatal Error (1): Allowed memory size of 134217728 bytes exhausted (tried to allocate 43489242 bytes) in [/var/www/caketest/lib/Cake/Utility/Debugger.php, line 615]
2013-08-31 23:25:21 Error: [FatalErrorException] Allowed memory size of 134217728 bytes exhausted (tried to allocate 43489242 bytes)
Request URL: /caketest/tests/search
Stack Trace:
#0 /var/www/caketest/lib/Cake/Error/ErrorHandler.php(184): ErrorHandler::handleFatalError(1, 'Allowed memory ...', '/var/www/cakete...', 615)
#1 [internal function]: ErrorHandler::handleError(1, 'Allowed memory ...', '/var/www/cakete...', 615, Array)
#2 /var/www/caketest/lib/Cake/Core/App.php(931): call_user_func('ErrorHandler::h...', 1, 'Allowed memory ...', '/var/www/cakete...', 615, Array)
#3 /var/www/caketest/lib/Cake/Core/App.php(904): App::_checkFatalError()
#4 [internal function]: App::shutdown()
#5 {main}
2013-08-31 23:34:03 Error: Fatal Error (1): Allowed memory size of 134217728 bytes exhausted (tried to allocate 43772471 bytes) in [/var/www/caketest/lib/Cake/Utility/Debugger.php, line 615]
2013-08-31 23:34:03 Error: [FatalErrorException] Allowed memory size of 134217728 bytes exhausted (tried to allocate 43772471 bytes)
Request URL: /caketest/tests/search/query:tttt
Stack Trace:
#0 /var/www/caketest/lib/Cake/Error/ErrorHandler.php(184): ErrorHandler::handleFatalError(1, 'Allowed memory ...', '/var/www/cakete...', 615)
#1 [internal function]: ErrorHandler::handleError(1, 'Allowed memory ...', '/var/www/cakete...', 615, Array)
#2 /var/www/caketest/lib/Cake/Core/App.php(931): call_user_func('ErrorHandler::h...', 1, 'Allowed memory ...', '/var/www/cakete...', 615, Array)
#3 /var/www/caketest/lib/Cake/Core/App.php(904): App::_checkFatalError()
#4 [internal function]: App::shutdown()
#5 {main}
2013-08-31 23:34:30 Error: Fatal Error (1): Allowed memory size of 134217728 bytes exhausted (tried to allocate 43772471 bytes) in [/var/www/caketest/lib/Cake/Utility/Debugger.php, line 615]
2013-08-31 23:34:30 Error: [FatalErrorException] Allowed memory size of 134217728 bytes exhausted (tried to allocate 43772471 bytes)
Request URL: /caketest/tests/search/query:tttt
Stack Trace:
#0 /var/www/caketest/lib/Cake/Error/ErrorHandler.php(184): ErrorHandler::handleFatalError(1, 'Allowed memory ...', '/var/www/cakete...', 615)
#1 [internal function]: ErrorHandler::handleError(1, 'Allowed memory ...', '/var/www/cakete...', 615, Array)
#2 /var/www/caketest/lib/Cake/Core/App.php(931): call_user_func('ErrorHandler::h...', 1, 'Allowed memory ...', '/var/www/cakete...', 615, Array)
#3 /var/www/caketest/lib/Cake/Core/App.php(904): App::_checkFatalError()
#4 [internal function]: App::shutdown()
#5 {main}
2013-08-31 23:35:02 Error: Fatal Error (1): Allowed memory size of 134217728 bytes exhausted (tried to allocate 43772471 bytes) in [/var/www/caketest/lib/Cake/Utility/Debugger.php, line 615]
2013-08-31 23:35:02 Error: [FatalErrorException] Allowed memory size of 134217728 bytes exhausted (tried to allocate 43772471 bytes)
Request URL: /caketest/tests/search/query:tttt
Stack Trace:
#0 /var/www/caketest/lib/Cake/Error/ErrorHandler.php(184): ErrorHandler::handleFatalError(1, 'Allowed memory ...', '/var/www/cakete...', 615)
#1 [internal function]: ErrorHandler::handleError(1, 'Allowed memory ...', '/var/www/cakete...', 615, Array)
#2 /var/www/caketest/lib/Cake/Core/App.php(931): call_user_func('ErrorHandler::h...', 1, 'Allowed memory ...', '/var/www/cakete...', 615, Array)
#3 /var/www/caketest/lib/Cake/Core/App.php(904): App::_checkFatalError()
#4 [internal function]: App::shutdown()
#5 {main}
2013-08-31 23:51:00 Error: Fatal Error (4): syntax error, unexpected '?', expecting ',' or ')' in [/var/www/caketest/app/Controller/TestsController.php, line 18]
2013-08-31 23:51:00 Error: [FatalErrorException] syntax error, unexpected '?', expecting ',' or ')'
Request URL: /caketest/tests/search/
Stack Trace:
#0 /var/www/caketest/lib/Cake/Error/ErrorHandler.php(184): ErrorHandler::handleFatalError(4, 'syntax error, u...', '/var/www/cakete...', 18)
#1 [internal function]: ErrorHandler::handleError(4, 'syntax error, u...', '/var/www/cakete...', 18, Array)
#2 /var/www/caketest/lib/Cake/Core/App.php(931): call_user_func('ErrorHandler::h...', 4, 'syntax error, u...', '/var/www/cakete...', 18, Array)
#3 /var/www/caketest/lib/Cake/Core/App.php(904): App::_checkFatalError()
#4 [internal function]: App::shutdown()
#5 {main}
2013-08-31 23:59:09 Error: [MissingControllerException] Controller class SearchController could not be found.
Exception Attributes: array (
  'class' => 'SearchController',
  'plugin' => NULL,
)
Request URL: /caketest/search
Stack Trace:
#0 /var/www/caketest/app/webroot/index.php(111): Dispatcher->dispatch(Object(CakeRequest), Object(CakeResponse))
#1 {main}
2013-08-31 23:59:34 Error: [MissingControllerException] Controller class SearchController could not be found.
Exception Attributes: array (
  'class' => 'SearchController',
  'plugin' => NULL,
)
Request URL: /caketest/search
Stack Trace:
#0 /var/www/caketest/app/webroot/index.php(111): Dispatcher->dispatch(Object(CakeRequest), Object(CakeResponse))
#1 {main}
2013-09-01 00:57:11 Error: Fatal Error (4): syntax error, unexpected ';' in [/var/www/caketest/app/View/Tests/search.ctp, line 5]
2013-09-01 00:57:11 Error: [FatalErrorException] syntax error, unexpected ';'
Request URL: /caketest/tests/search/query:fqwerqf
Stack Trace:
#0 /var/www/caketest/lib/Cake/Error/ErrorHandler.php(184): ErrorHandler::handleFatalError(4, 'syntax error, u...', '/var/www/cakete...', 5)
#1 [internal function]: ErrorHandler::handleError(4, 'syntax error, u...', '/var/www/cakete...', 5, Array)
#2 /var/www/caketest/lib/Cake/Core/App.php(931): call_user_func('ErrorHandler::h...', 4, 'syntax error, u...', '/var/www/cakete...', 5, Array)
#3 /var/www/caketest/lib/Cake/Core/App.php(904): App::_checkFatalError()
#4 [internal function]: App::shutdown()
#5 {main}
2013-09-01 00:57:42 Error: [MissingControllerException] Controller class SearchesController could not be found.
Exception Attributes: array (
  'class' => 'SearchesController',
  'plugin' => NULL,
)
Request URL: /caketest/searches/search
Stack Trace:
#0 /var/www/caketest/app/webroot/index.php(111): Dispatcher->dispatch(Object(CakeRequest), Object(CakeResponse))
#1 {main}
2013-09-01 00:58:38 Error: [MissingHelperException] Helper class controllerHelper could not be found.
Exception Attributes: array (
  'class' => 'controllerHelper',
  'plugin' => false,
)
Request URL: /caketest/tests/search/query:fqwerqf
Stack Trace:
#0 /var/www/caketest/lib/Cake/View/HelperCollection.php(63): HelperCollection->load('controller')
#1 /var/www/caketest/lib/Cake/View/View.php(833): HelperCollection->__isset('controller')
#2 /var/www/caketest/app/View/Tests/search.ctp(5): View->__get('controller')
#3 /var/www/caketest/lib/Cake/View/View.php(945): include('/var/www/cakete...')
#4 /var/www/caketest/lib/Cake/View/View.php(907): View->_evaluate('/var/www/cakete...', Array)
#5 /var/www/caketest/lib/Cake/View/View.php(471): View->_render('/var/www/cakete...')
#6 /var/www/caketest/lib/Cake/Controller/Controller.php(948): View->render(NULL, NULL)
#7 /var/www/caketest/lib/Cake/Routing/Dispatcher.php(194): Controller->render()
#8 /var/www/caketest/lib/Cake/Routing/Dispatcher.php(162): Dispatcher->_invoke(Object(TestsController), Object(CakeRequest), Object(CakeResponse))
#9 /var/www/caketest/app/webroot/index.php(111): Dispatcher->dispatch(Object(CakeRequest), Object(CakeResponse))
#10 {main}
2013-09-01 00:59:28 Error: Fatal Error (1): Allowed memory size of 134217728 bytes exhausted (tried to allocate 58208936 bytes) in [/var/www/caketest/lib/Cake/Utility/Debugger.php, line 615]
2013-09-01 00:59:28 Error: [FatalErrorException] Allowed memory size of 134217728 bytes exhausted (tried to allocate 58208936 bytes)
Request URL: /caketest/tests/search/query:fqwerqf
Stack Trace:
#0 /var/www/caketest/lib/Cake/Error/ErrorHandler.php(184): ErrorHandler::handleFatalError(1, 'Allowed memory ...', '/var/www/cakete...', 615)
#1 [internal function]: ErrorHandler::handleError(1, 'Allowed memory ...', '/var/www/cakete...', 615, Array)
#2 /var/www/caketest/lib/Cake/Core/App.php(931): call_user_func('ErrorHandler::h...', 1, 'Allowed memory ...', '/var/www/cakete...', 615, Array)
#3 /var/www/caketest/lib/Cake/Core/App.php(904): App::_checkFatalError()
#4 [internal function]: App::shutdown()
#5 {main}
2013-09-01 01:01:29 Error: [MissingHelperException] Helper class controllerHelper could not be found.
Exception Attributes: array (
  'class' => 'controllerHelper',
  'plugin' => false,
)
Request URL: /caketest/tests/search/query:fqwerqf
Stack Trace:
#0 /var/www/caketest/lib/Cake/View/HelperCollection.php(63): HelperCollection->load('controller')
#1 /var/www/caketest/lib/Cake/View/View.php(833): HelperCollection->__isset('controller')
#2 /var/www/caketest/app/View/Tests/search.ctp(3): View->__get('controller')
#3 /var/www/caketest/lib/Cake/View/View.php(945): include('/var/www/cakete...')
#4 /var/www/caketest/lib/Cake/View/View.php(907): View->_evaluate('/var/www/cakete...', Array)
#5 /var/www/caketest/lib/Cake/View/View.php(471): View->_render('/var/www/cakete...')
#6 /var/www/caketest/lib/Cake/Controller/Controller.php(948): View->render(NULL, NULL)
#7 /var/www/caketest/lib/Cake/Routing/Dispatcher.php(194): Controller->render()
#8 /var/www/caketest/lib/Cake/Routing/Dispatcher.php(162): Dispatcher->_invoke(Object(TestsController), Object(CakeRequest), Object(CakeResponse))
#9 /var/www/caketest/app/webroot/index.php(111): Dispatcher->dispatch(Object(CakeRequest), Object(CakeResponse))
#10 {main}
2013-09-04 12:01:17 Error: Fatal Error (4): syntax error, unexpected T_ECHO in [/var/www/cakestrap/app/View/Layouts/bootstrap.ctp, line 18]
2013-09-04 12:01:17 Error: [FatalErrorException] syntax error, unexpected T_ECHO
Request URL: /cakestrap/tests
Stack Trace:
#0 /var/www/cakestrap/lib/Cake/Error/ErrorHandler.php(184): ErrorHandler::handleFatalError(4, 'syntax error, u...', '/var/www/cakest...', 18)
#1 [internal function]: ErrorHandler::handleError(4, 'syntax error, u...', '/var/www/cakest...', 18, Array)
#2 /var/www/cakestrap/lib/Cake/Core/App.php(931): call_user_func('ErrorHandler::h...', 4, 'syntax error, u...', '/var/www/cakest...', 18, Array)
#3 /var/www/cakestrap/lib/Cake/Core/App.php(904): App::_checkFatalError()
#4 [internal function]: App::shutdown()
#5 {main}
2013-09-04 20:31:29 Error: [MissingActionException] Action AppController::webroot() could not be found.
Exception Attributes: array (
  'controller' => 'AppController',
  'action' => 'webroot',
)
Request URL: /cakestrap/app/webroot/
Stack Trace:
#0 D:\Apache Software Foundation\Apache2.2\htdocs\cakestrap\lib\Cake\Routing\Dispatcher.php(187): Controller->invokeAction(Object(CakeRequest))
#1 D:\Apache Software Foundation\Apache2.2\htdocs\cakestrap\lib\Cake\Routing\Dispatcher.php(162): Dispatcher->_invoke(Object(AppController), Object(CakeRequest), Object(CakeResponse))
#2 D:\Apache Software Foundation\Apache2.2\htdocs\cakestrap\app\webroot\index.php(111): Dispatcher->dispatch(Object(CakeRequest), Object(CakeResponse))
#3 {main}
2013-09-04 21:21:12 Error: [MissingControllerException] Controller class Jquery.min.mapController could not be found.
Exception Attributes: array (
  'class' => 'Jquery.min.mapController',
  'plugin' => NULL,
)
Request URL: /cakestrap/jquery.min.map
Stack Trace:
#0 D:\Apache Software Foundation\Apache2.2\htdocs\cakestrap\app\webroot\index.php(111): Dispatcher->dispatch(Object(CakeRequest), Object(CakeResponse))
#1 {main}
2013-09-04 21:21:23 Error: [MissingControllerException] Controller class Jquery.min.mapController could not be found.
Exception Attributes: array (
  'class' => 'Jquery.min.mapController',
  'plugin' => NULL,
)
Request URL: /cakestrap/jquery.min.map
Stack Trace:
#0 D:\Apache Software Foundation\Apache2.2\htdocs\cakestrap\app\webroot\index.php(111): Dispatcher->dispatch(Object(CakeRequest), Object(CakeResponse))
#1 {main}
2013-09-04 21:34:22 Error: [MissingControllerException] Controller class Jquery.min.mapController could not be found.
Exception Attributes: array (
  'class' => 'Jquery.min.mapController',
  'plugin' => NULL,
)
Request URL: /cakestrap/jquery.min.map
Stack Trace:
#0 D:\Apache Software Foundation\Apache2.2\htdocs\cakestrap\app\webroot\index.php(111): Dispatcher->dispatch(Object(CakeRequest), Object(CakeResponse))
#1 {main}
2013-09-04 21:34:45 Error: [MissingControllerException] Controller class Jquery.min.mapController could not be found.
Exception Attributes: array (
  'class' => 'Jquery.min.mapController',
  'plugin' => NULL,
)
Request URL: /cakestrap/jquery.min.map
Stack Trace:
#0 D:\Apache Software Foundation\Apache2.2\htdocs\cakestrap\app\webroot\index.php(111): Dispatcher->dispatch(Object(CakeRequest), Object(CakeResponse))
#1 {main}
2013-09-04 21:34:55 Error: [MissingControllerException] Controller class Jquery.min.mapController could not be found.
Exception Attributes: array (
  'class' => 'Jquery.min.mapController',
  'plugin' => NULL,
)
Request URL: /cakestrap/jquery.min.map
Stack Trace:
#0 D:\Apache Software Foundation\Apache2.2\htdocs\cakestrap\app\webroot\index.php(111): Dispatcher->dispatch(Object(CakeRequest), Object(CakeResponse))
#1 {main}
2013-09-04 21:35:51 Error: [MissingControllerException] Controller class Jquery.min.mapController could not be found.
Exception Attributes: array (
  'class' => 'Jquery.min.mapController',
  'plugin' => NULL,
)
Request URL: /cakestrap/jquery.min.map
Stack Trace:
#0 D:\Apache Software Foundation\Apache2.2\htdocs\cakestrap\app\webroot\index.php(111): Dispatcher->dispatch(Object(CakeRequest), Object(CakeResponse))
#1 {main}
2013-09-04 21:36:06 Error: [MissingControllerException] Controller class Jquery.min.mapController could not be found.
Exception Attributes: array (
  'class' => 'Jquery.min.mapController',
  'plugin' => NULL,
)
Request URL: /cakestrap/jquery.min.map
Stack Trace:
#0 D:\Apache Software Foundation\Apache2.2\htdocs\cakestrap\app\webroot\index.php(111): Dispatcher->dispatch(Object(CakeRequest), Object(CakeResponse))
#1 {main}
2013-09-04 21:36:36 Error: [MissingControllerException] Controller class Jquery.min.mapController could not be found.
Exception Attributes: array (
  'class' => 'Jquery.min.mapController',
  'plugin' => NULL,
)
Request URL: /cakestrap/jquery.min.map
Stack Trace:
#0 D:\Apache Software Foundation\Apache2.2\htdocs\cakestrap\app\webroot\index.php(111): Dispatcher->dispatch(Object(CakeRequest), Object(CakeResponse))
#1 {main}
2013-09-04 21:36:59 Error: [MissingControllerException] Controller class Jquery.min.mapController could not be found.
Exception Attributes: array (
  'class' => 'Jquery.min.mapController',
  'plugin' => NULL,
)
Request URL: /cakestrap/jquery.min.map
Stack Trace:
#0 D:\Apache Software Foundation\Apache2.2\htdocs\cakestrap\app\webroot\index.php(111): Dispatcher->dispatch(Object(CakeRequest), Object(CakeResponse))
#1 {main}
2013-09-04 21:39:50 Error: [MissingControllerException] Controller class Jquery.min.mapController could not be found.
Exception Attributes: array (
  'class' => 'Jquery.min.mapController',
  'plugin' => NULL,
)
Request URL: /cakestrap/jquery.min.map
Stack Trace:
#0 D:\Apache Software Foundation\Apache2.2\htdocs\cakestrap\app\webroot\index.php(111): Dispatcher->dispatch(Object(CakeRequest), Object(CakeResponse))
#1 {main}
2013-09-04 21:41:00 Error: [MissingControllerException] Controller class Jquery.min.mapController could not be found.
Exception Attributes: array (
  'class' => 'Jquery.min.mapController',
  'plugin' => NULL,
)
Request URL: /cakestrap/jquery.min.map
Stack Trace:
#0 D:\Apache Software Foundation\Apache2.2\htdocs\cakestrap\app\webroot\index.php(111): Dispatcher->dispatch(Object(CakeRequest), Object(CakeResponse))
#1 {main}
2013-09-04 21:42:01 Error: [MissingControllerException] Controller class Jquery.min.mapController could not be found.
Exception Attributes: array (
  'class' => 'Jquery.min.mapController',
  'plugin' => NULL,
)
Request URL: /cakestrap/jquery.min.map
Stack Trace:
#0 D:\Apache Software Foundation\Apache2.2\htdocs\cakestrap\app\webroot\index.php(111): Dispatcher->dispatch(Object(CakeRequest), Object(CakeResponse))
#1 {main}
2013-09-04 21:42:17 Error: [MissingControllerException] Controller class Jquery.min.mapController could not be found.
Exception Attributes: array (
  'class' => 'Jquery.min.mapController',
  'plugin' => NULL,
)
Request URL: /cakestrap/jquery.min.map
Stack Trace:
#0 D:\Apache Software Foundation\Apache2.2\htdocs\cakestrap\app\webroot\index.php(111): Dispatcher->dispatch(Object(CakeRequest), Object(CakeResponse))
#1 {main}
2013-09-04 21:44:48 Error: [MissingControllerException] Controller class Jquery.min.mapController could not be found.
Exception Attributes: array (
  'class' => 'Jquery.min.mapController',
  'plugin' => NULL,
)
Request URL: /cakestrap/jquery.min.map
Stack Trace:
#0 D:\Apache Software Foundation\Apache2.2\htdocs\cakestrap\app\webroot\index.php(111): Dispatcher->dispatch(Object(CakeRequest), Object(CakeResponse))
#1 {main}
2013-09-04 21:46:00 Error: [MissingControllerException] Controller class Jquery.min.mapController could not be found.
Exception Attributes: array (
  'class' => 'Jquery.min.mapController',
  'plugin' => NULL,
)
Request URL: /cakestrap/jquery.min.map
Stack Trace:
#0 D:\Apache Software Foundation\Apache2.2\htdocs\cakestrap\app\webroot\index.php(111): Dispatcher->dispatch(Object(CakeRequest), Object(CakeResponse))
#1 {main}
2013-09-04 21:48:22 Error: [MissingControllerException] Controller class Jquery.min.mapController could not be found.
Exception Attributes: array (
  'class' => 'Jquery.min.mapController',
  'plugin' => NULL,
)
Request URL: /cakestrap/jquery.min.map
Stack Trace:
#0 D:\Apache Software Foundation\Apache2.2\htdocs\cakestrap\app\webroot\index.php(111): Dispatcher->dispatch(Object(CakeRequest), Object(CakeResponse))
#1 {main}
2013-09-04 21:52:08 Error: [MissingControllerException] Controller class Jquery.min.mapController could not be found.
Exception Attributes: array (
  'class' => 'Jquery.min.mapController',
  'plugin' => NULL,
)
Request URL: /cakestrap/jquery.min.map
Stack Trace:
#0 D:\Apache Software Foundation\Apache2.2\htdocs\cakestrap\app\webroot\index.php(111): Dispatcher->dispatch(Object(CakeRequest), Object(CakeResponse))
#1 {main}
2013-09-04 21:52:49 Error: [MissingControllerException] Controller class Jquery.min.mapController could not be found.
Exception Attributes: array (
  'class' => 'Jquery.min.mapController',
  'plugin' => NULL,
)
Request URL: /cakestrap/jquery.min.map
Stack Trace:
#0 D:\Apache Software Foundation\Apache2.2\htdocs\cakestrap\app\webroot\index.php(111): Dispatcher->dispatch(Object(CakeRequest), Object(CakeResponse))
#1 {main}
2013-09-04 21:54:56 Error: [MissingControllerException] Controller class Jquery.min.mapController could not be found.
Exception Attributes: array (
  'class' => 'Jquery.min.mapController',
  'plugin' => NULL,
)
Request URL: /cakestrap/jquery.min.map
Stack Trace:
#0 D:\Apache Software Foundation\Apache2.2\htdocs\cakestrap\app\webroot\index.php(111): Dispatcher->dispatch(Object(CakeRequest), Object(CakeResponse))
#1 {main}
2013-09-04 21:56:27 Error: [MissingControllerException] Controller class Jquery.min.mapController could not be found.
Exception Attributes: array (
  'class' => 'Jquery.min.mapController',
  'plugin' => NULL,
)
Request URL: /cakestrap/jquery.min.map
Stack Trace:
#0 D:\Apache Software Foundation\Apache2.2\htdocs\cakestrap\app\webroot\index.php(111): Dispatcher->dispatch(Object(CakeRequest), Object(CakeResponse))
#1 {main}
2013-09-04 21:58:06 Error: [MissingControllerException] Controller class Jquery.min.mapController could not be found.
Exception Attributes: array (
  'class' => 'Jquery.min.mapController',
  'plugin' => NULL,
)
Request URL: /cakestrap/jquery.min.map
Stack Trace:
#0 D:\Apache Software Foundation\Apache2.2\htdocs\cakestrap\app\webroot\index.php(111): Dispatcher->dispatch(Object(CakeRequest), Object(CakeResponse))
#1 {main}
2013-09-04 22:01:28 Error: [MissingControllerException] Controller class Jquery.min.mapController could not be found.
Exception Attributes: array (
  'class' => 'Jquery.min.mapController',
  'plugin' => NULL,
)
Request URL: /cakestrap/jquery.min.map
Stack Trace:
#0 D:\Apache Software Foundation\Apache2.2\htdocs\cakestrap\app\webroot\index.php(111): Dispatcher->dispatch(Object(CakeRequest), Object(CakeResponse))
#1 {main}
2013-09-04 22:04:26 Error: [MissingControllerException] Controller class Jquery.min.mapController could not be found.
Exception Attributes: array (
  'class' => 'Jquery.min.mapController',
  'plugin' => NULL,
)
Request URL: /cakestrap/jquery.min.map
Stack Trace:
#0 D:\Apache Software Foundation\Apache2.2\htdocs\cakestrap\app\webroot\index.php(111): Dispatcher->dispatch(Object(CakeRequest), Object(CakeResponse))
#1 {main}
2013-09-04 22:05:08 Error: [MissingControllerException] Controller class Jquery.min.mapController could not be found.
Exception Attributes: array (
  'class' => 'Jquery.min.mapController',
  'plugin' => NULL,
)
Request URL: /cakestrap/jquery.min.map
Stack Trace:
#0 D:\Apache Software Foundation\Apache2.2\htdocs\cakestrap\app\webroot\index.php(111): Dispatcher->dispatch(Object(CakeRequest), Object(CakeResponse))
#1 {main}
2013-09-04 22:05:55 Error: [MissingControllerException] Controller class Jquery.min.mapController could not be found.
Exception Attributes: array (
  'class' => 'Jquery.min.mapController',
  'plugin' => NULL,
)
Request URL: /cakestrap/jquery.min.map
Stack Trace:
#0 D:\Apache Software Foundation\Apache2.2\htdocs\cakestrap\app\webroot\index.php(111): Dispatcher->dispatch(Object(CakeRequest), Object(CakeResponse))
#1 {main}
2013-09-04 22:06:31 Error: [MissingControllerException] Controller class Jquery.min.mapController could not be found.
Exception Attributes: array (
  'class' => 'Jquery.min.mapController',
  'plugin' => NULL,
)
Request URL: /cakestrap/jquery.min.map
Stack Trace:
#0 D:\Apache Software Foundation\Apache2.2\htdocs\cakestrap\app\webroot\index.php(111): Dispatcher->dispatch(Object(CakeRequest), Object(CakeResponse))
#1 {main}
2013-09-04 22:07:26 Error: [MissingControllerException] Controller class Jquery.min.mapController could not be found.
Exception Attributes: array (
  'class' => 'Jquery.min.mapController',
  'plugin' => NULL,
)
Request URL: /cakestrap/jquery.min.map
Stack Trace:
#0 D:\Apache Software Foundation\Apache2.2\htdocs\cakestrap\app\webroot\index.php(111): Dispatcher->dispatch(Object(CakeRequest), Object(CakeResponse))
#1 {main}
2013-09-04 22:07:35 Error: [MissingControllerException] Controller class Jquery.min.mapController could not be found.
Exception Attributes: array (
  'class' => 'Jquery.min.mapController',
  'plugin' => NULL,
)
Request URL: /cakestrap/jquery.min.map
Stack Trace:
#0 D:\Apache Software Foundation\Apache2.2\htdocs\cakestrap\app\webroot\index.php(111): Dispatcher->dispatch(Object(CakeRequest), Object(CakeResponse))
#1 {main}
2013-09-04 22:07:48 Error: [MissingControllerException] Controller class Jquery.min.mapController could not be found.
Exception Attributes: array (
  'class' => 'Jquery.min.mapController',
  'plugin' => NULL,
)
Request URL: /cakestrap/jquery.min.map
Stack Trace:
#0 D:\Apache Software Foundation\Apache2.2\htdocs\cakestrap\app\webroot\index.php(111): Dispatcher->dispatch(Object(CakeRequest), Object(CakeResponse))
#1 {main}
2013-09-04 22:10:45 Error: [MissingControllerException] Controller class Jquery.min.mapController could not be found.
Exception Attributes: array (
  'class' => 'Jquery.min.mapController',
  'plugin' => NULL,
)
Request URL: /cakestrap/jquery.min.map
Stack Trace:
#0 D:\Apache Software Foundation\Apache2.2\htdocs\cakestrap\app\webroot\index.php(111): Dispatcher->dispatch(Object(CakeRequest), Object(CakeResponse))
#1 {main}
2013-09-04 22:24:04 Error: [MissingControllerException] Controller class Jquery.min.mapController could not be found.
Exception Attributes: array (
  'class' => 'Jquery.min.mapController',
  'plugin' => NULL,
)
Request URL: /cakestrap/jquery.min.map
Stack Trace:
#0 D:\Apache Software Foundation\Apache2.2\htdocs\cakestrap\app\webroot\index.php(111): Dispatcher->dispatch(Object(CakeRequest), Object(CakeResponse))
#1 {main}
2013-09-04 22:29:06 Error: [MissingControllerException] Controller class Jquery.min.mapController could not be found.
Exception Attributes: array (
  'class' => 'Jquery.min.mapController',
  'plugin' => NULL,
)
Request URL: /cakestrap/jquery.min.map
Stack Trace:
#0 D:\Apache Software Foundation\Apache2.2\htdocs\cakestrap\app\webroot\index.php(111): Dispatcher->dispatch(Object(CakeRequest), Object(CakeResponse))
#1 {main}
2013-09-04 22:31:09 Error: [MissingControllerException] Controller class Jquery.min.mapController could not be found.
Exception Attributes: array (
  'class' => 'Jquery.min.mapController',
  'plugin' => NULL,
)
Request URL: /cakestrap/jquery.min.map
Stack Trace:
#0 D:\Apache Software Foundation\Apache2.2\htdocs\cakestrap\app\webroot\index.php(111): Dispatcher->dispatch(Object(CakeRequest), Object(CakeResponse))
#1 {main}
2013-09-04 22:56:47 Error: [MissingControllerException] Controller class Jquery.min.mapController could not be found.
Exception Attributes: array (
  'class' => 'Jquery.min.mapController',
  'plugin' => NULL,
)
Request URL: /cakestrap/jquery.min.map
Stack Trace:
#0 D:\Apache Software Foundation\Apache2.2\htdocs\cakestrap\app\webroot\index.php(111): Dispatcher->dispatch(Object(CakeRequest), Object(CakeResponse))
#1 {main}
2013-09-04 22:56:47 Error: [MissingControllerException] Controller class Jquery.min.mapController could not be found.
Exception Attributes: array (
  'class' => 'Jquery.min.mapController',
  'plugin' => NULL,
)
Request URL: /cakestrap/jquery.min.map
Stack Trace:
#0 D:\Apache Software Foundation\Apache2.2\htdocs\cakestrap\app\webroot\index.php(111): Dispatcher->dispatch(Object(CakeRequest), Object(CakeResponse))
#1 {main}
2013-09-04 22:59:52 Error: [MissingControllerException] Controller class Jquery.min.mapController could not be found.
Exception Attributes: array (
  'class' => 'Jquery.min.mapController',
  'plugin' => NULL,
)
Request URL: /cakestrap/jquery.min.map
Stack Trace:
#0 D:\Apache Software Foundation\Apache2.2\htdocs\cakestrap\app\webroot\index.php(111): Dispatcher->dispatch(Object(CakeRequest), Object(CakeResponse))
#1 {main}
2013-09-04 23:00:54 Error: [MissingControllerException] Controller class Jquery.min.mapController could not be found.
Exception Attributes: array (
  'class' => 'Jquery.min.mapController',
  'plugin' => NULL,
)
Request URL: /cakestrap/jquery.min.map
Stack Trace:
#0 D:\Apache Software Foundation\Apache2.2\htdocs\cakestrap\app\webroot\index.php(111): Dispatcher->dispatch(Object(CakeRequest), Object(CakeResponse))
#1 {main}
2013-09-04 23:00:54 Error: [MissingControllerException] Controller class Jquery.min.mapController could not be found.
Exception Attributes: array (
  'class' => 'Jquery.min.mapController',
  'plugin' => NULL,
)
Request URL: /cakestrap/jquery.min.map
Stack Trace:
#0 D:\Apache Software Foundation\Apache2.2\htdocs\cakestrap\app\webroot\index.php(111): Dispatcher->dispatch(Object(CakeRequest), Object(CakeResponse))
#1 {main}
2013-09-04 23:02:12 Error: [MissingControllerException] Controller class Jquery.min.mapController could not be found.
Exception Attributes: array (
  'class' => 'Jquery.min.mapController',
  'plugin' => NULL,
)
Request URL: /cakestrap/jquery.min.map
Stack Trace:
#0 D:\Apache Software Foundation\Apache2.2\htdocs\cakestrap\app\webroot\index.php(111): Dispatcher->dispatch(Object(CakeRequest), Object(CakeResponse))
#1 {main}
